Dr. Memory version 1.11.0 build 2 built on Aug 29 2016 02:41:18
start time: 3656949:01:21.134 == 21:01:21.134 03/08/2018
Recorded 115 suppression(s) from default C:\Program Files (x86)\Dr. Memory\bin64\suppress-default.txt
new thread #0 id=2548

module load event: "Memory_Monitoring.exe" 0x0000000000400000-0x000000000052f000 modid: 1 C:\C++Workspace\Lab\Memory_Monitoring\Debug\Memory_Monitoring.exe
WARNING: assuming operator new[] is non-placement in Memory_Monitoring.exe @0x00000000004a5d10
WARNING: assuming operator new is non-placement in Memory_Monitoring.exe @0x00000000004a5d40

module load event: "drmemorylib.dll" 0x0000000001f80000-0x00000000021bf000 modid: 2 C:\Program Files (x86)\Dr. Memory\bin64\release\drmemorylib.dll

module load event: "dynamorio.dll" 0x0000000071000000-0x0000000071195000 modid: 3 C:\Program Files (x86)\Dr. Memory\dynamorio\lib64\release\dynamorio.dll

module load event: "sfc.dll" 0x0000000180000000-0x0000000180003000 modid: 4 C:\Windows\SYSTEM32\sfc.dll
WARNING: unable to load symbols for C:\Windows\SYSTEM32\sfc.dll

module load event: "AcLayers.dll" 0x00007ffb64210000-0x00007ffb64693000 modid: 5 C:\Windows\AppPatch\AppPatch64\AcLayers.DLL
WARNING: unable to load symbols for C:\Windows\AppPatch\AppPatch64\AcLayers.DLL

module load event: "sfc_os.dll" 0x00007ffb71bd0000-0x00007ffb71be1000 modid: 6 C:\Windows\SYSTEM32\sfc_os.DLL
WARNING: unable to load symbols for C:\Windows\SYSTEM32\sfc_os.DLL

module load event: "WINSPOOL.DRV" 0x00007ffb75d00000-0x00007ffb75d84000 modid: 7 C:\Windows\SYSTEM32\WINSPOOL.DRV
WARNING: unable to load symbols for C:\Windows\SYSTEM32\WINSPOOL.DRV

module load event: "apphelp.dll" 0x00007ffb793f0000-0x00007ffb79469000 modid: 8 C:\Windows\system32\apphelp.dll
WARNING: unable to load symbols for C:\Windows\system32\apphelp.dll

module load event: "bcrypt.dll" 0x00007ffb7aa30000-0x00007ffb7aa59000 modid: 9 C:\Windows\SYSTEM32\bcrypt.dll
WARNING: unable to load symbols for C:\Windows\SYSTEM32\bcrypt.dll

module load event: "bcryptPrimitives.dll" 0x00007ffb7b0b0000-0x00007ffb7b11a000 modid: 10 C:\Windows\system32\bcryptPrimitives.dll
WARNING: unable to load symbols for C:\Windows\system32\bcryptPrimitives.dll

module load event: "KERNELBASE.dll" 0x00007ffb7b2f0000-0x00007ffb7b4d8000 modid: 11 C:\Windows\system32\KERNELBASE.dll

module load event: "IMM32.dll" 0x00007ffb7bc10000-0x00007ffb7bc4b000 modid: 12 C:\Windows\system32\IMM32.DLL
WARNING: unable to load symbols for C:\Windows\system32\IMM32.DLL

module load event: "RPCRT4.dll" 0x00007ffb7bc50000-0x00007ffb7bd6c000 modid: 13 C:\Windows\system32\RPCRT4.dll
WARNING: unable to load symbols for C:\Windows\system32\RPCRT4.dll

module load event: "combase.dll" 0x00007ffb7be30000-0x00007ffb7c0ad000 modid: 14 C:\Windows\system32\combase.dll
WARNING: unable to load symbols for C:\Windows\system32\combase.dll

module load event: "SHLWAPI.dll" 0x00007ffb7c0d0000-0x00007ffb7c122000 modid: 15 C:\Windows\system32\SHLWAPI.dll
WARNING: unable to load symbols for C:\Windows\system32\SHLWAPI.dll

module load event: "USER32.dll" 0x00007ffb7c580000-0x00007ffb7c6d6000 modid: 16 C:\Windows\system32\USER32.dll
WARNING: unable to load symbols for C:\Windows\system32\USER32.dll
WARNING: error finding UserConnectToServer syscall #
module load event: "KERNEL32.dll" 0x00007ffb7e360000-0x00007ffb7e40d000 modid: 17 C:\Windows\system32\KERNEL32.DLL
WARNING: symbol cache file has wrong version

module load event: "msvcrt.dll" 0x00007ffb7e410000-0x00007ffb7e4ad000 modid: 18 C:\Windows\system32\msvcrt.dll
WARNING: new/delete has no local wrapper => disabling mismatch detection for msvcrt.dll
WARNING: new/delete has no local wrapper => disabling mismatch detection for msvcrt.dll
WARNING: new == new[] => disabling mismatch detection for msvcrt.dll
WARNING: new/delete has no local wrapper => disabling mismatch detection for msvcrt.dll

module load event: "GDI32.dll" 0x00007ffb7e510000-0x00007ffb7e696000 modid: 19 C:\Windows\system32\GDI32.dll
WARNING: unable to load symbols for C:\Windows\system32\GDI32.dll

module load event: "ntdll.dll" 0x00007ffb7e810000-0x00007ffb7e9d1000 modid: 20 C:\Windows\SYSTEM32\ntdll.dll
WARNING: fail to find call to RtlFreeStringRoutine
WARNING: fail to find call to RtlFreeStringRoutine
WARNING: fail to find call to RtlFreeStringRoutine
WARNING: unable to load symbols for C:\Windows\system32\KERNELBASE.dll

NEW THREAD: main thread 2548


Potential Error #1: HANDLE LEAK: KERNEL handle 0x0000000000000174 and 0 similar handle(s) were opened but not closed:
# 0 system call NtCreateSemaphore
# 1 KERNELBASE.dll!CreateSemaphoreExW (0x00007ffb7b34a8c4 <KERNELBASE.dll+0x5a8c4>) modid:11
# 2 KERNELBASE.dll!CloseHandle    (0x00007ffb7b30c4a1 <KERNELBASE.dll+0x1c4a1>) modid:11
# 3 __shmem_winpthreads_grab [C:/crossdev/src/mingw-w64-v4-git/mingw-w64-crt/misc/output_format.c:45] (0x000000000041ff2b <Memory_Monitoring.exe+0x1ff2b>) modid:1
# 4 pthread_spin_lock     [C:/crossdev/src/mingw-w64-v4-git/mingw-w64-crt/misc/output_format.c:45] (0x000000000041bf91 <Memory_Monitoring.exe+0x1bf91>) modid:1
# 5 pthread_mutex_init    [C:/crossdev/src/mingw-w64-v4-git/mingw-w64-crt/misc/output_format.c:45] (0x000000000041b429 <Memory_Monitoring.exe+0x1b429>) modid:1
# 6 mutex_static_init     [C:/crossdev/src/mingw-w64-v4-git/mingw-w64-crt/misc/output_format.c:45] (0x000000000041b615 <Memory_Monitoring.exe+0x1b615>) modid:1
# 7 mutex_ref             [C:/crossdev/src/mingw-w64-v4-git/mingw-w64-crt/misc/output_format.c:45] (0x000000000041b73d <Memory_Monitoring.exe+0x1b73d>) modid:1
# 8 pthread_mutex_lock_intern [C:/crossdev/src/mingw-w64-v4-git/mingw-w64-crt/misc/output_format.c:45] (0x000000000041b892 <Memory_Monitoring.exe+0x1b892>) modid:1
# 9 pop_pthread_mem       [C:/crossdev/src/mingw-w64-v4-git/mingw-w64-crt/misc/output_format.c:45] (0x000000000041ca4a <Memory_Monitoring.exe+0x1ca4a>) modid:1
#10 __pthread_self_lite   [C:/crossdev/src/mingw-w64-v4-git/mingw-w64-crt/misc/output_format.c:45] (0x000000000041d138 <Memory_Monitoring.exe+0x1d138>) modid:1
#11 mutex_unref.isra.1    [C:/crossdev/src/mingw-w64-v4-git/mingw-w64-crt/misc/output_format.c:45] (0x000000000041b0f4 <Memory_Monitoring.exe+0x1b0f4>) modid:1
#12 enterOnceObject       [C:/crossdev/src/mingw-w64-v4-git/mingw-w64-crt/misc/output_format.c:45] (0x000000000041c295 <Memory_Monitoring.exe+0x1c295>) modid:1
#13 pthread_once          [C:/crossdev/src/mingw-w64-v4-git/mingw-w64-crt/misc/output_format.c:45] (0x000000000041dea7 <Memory_Monitoring.exe+0x1dea7>) modid:1
#14 KERNELBASE.dll!CreateSemaphoreExW (0x00007ffb7b34a8d7 <KERNELBASE.dll+0x5a8d7>) modid:11
#15 pthread_spin_init.part.0 [C:/crossdev/src/mingw-w64-v4-git/mingw-w64-crt/misc/output_format.c:45] (0x000000000041be41 <Memory_Monitoring.exe+0x1be41>) modid:1
#16 std::locale::_S_initialize [C:/crossdev/src/mingw-w64-v4-git/mingw-w64-crt/misc/mingw_getsp.S:46] (0x000000000048eba8 <Memory_Monitoring.exe+0x8eba8>) modid:1
#17 std::locale::locale   [C:/crossdev/src/mingw-w64-v4-git/mingw-w64-crt/misc/mingw_getsp.S:46] (0x00000000004914d6 <Memory_Monitoring.exe+0x914d6>) modid:1
#18 std::ios_base::Init::Init [C:/crossdev/src/mingw-w64-v4-git/mingw-w64-crt/misc/mingw_getsp.S:46] (0x000000000049b5bb <Memory_Monitoring.exe+0x9b5bb>) modid:1
#19 __static_initialization_and_destruction_0 [C:/TDM-GCC-64/lib/gcc/x86_64-w64-mingw32/5.1.0/include/c++/iostream:74] (0x000000000040181b <Memory_Monitoring.exe+0x181b>) modid:1
Note: @0:00:00.646 in thread 2548
	error end
WARNING: unable to load symbols for C:\Windows\system32\KERNEL32.DLL

Potential Error #2: HANDLE LEAK: KERNEL handle 0x0000000000000178 and 0 similar handle(s) were opened but not closed:
# 0 system call NtCreateEvent
# 1 KERNELBASE.dll!CreateEventA   (0x00007ffb7b339c5c <KERNELBASE.dll+0x49c5c>) modid:11
# 2 KERNELBASE.dll!ReleaseSemaphore (0x00007ffb7b343afa <KERNELBASE.dll+0x53afa>) modid:11
# 3 pthread_mutex_unlock  [C:/crossdev/src/mingw-w64-v4-git/mingw-w64-crt/misc/output_format.c:45] (0x000000000041b33a <Memory_Monitoring.exe+0x1b33a>) modid:1
# 4 pop_pthread_mem       [C:/crossdev/src/mingw-w64-v4-git/mingw-w64-crt/misc/output_format.c:45] (0x000000000041cab5 <Memory_Monitoring.exe+0x1cab5>) modid:1
# 5 __pthread_self_lite   [C:/crossdev/src/mingw-w64-v4-git/mingw-w64-crt/misc/output_format.c:45] (0x000000000041d175 <Memory_Monitoring.exe+0x1d175>) modid:1
# 6 mutex_unref.isra.1    [C:/crossdev/src/mingw-w64-v4-git/mingw-w64-crt/misc/output_format.c:45] (0x000000000041b0f4 <Memory_Monitoring.exe+0x1b0f4>) modid:1
# 7 enterOnceObject       [C:/crossdev/src/mingw-w64-v4-git/mingw-w64-crt/misc/output_format.c:45] (0x000000000041c295 <Memory_Monitoring.exe+0x1c295>) modid:1
# 8 pthread_once          [C:/crossdev/src/mingw-w64-v4-git/mingw-w64-crt/misc/output_format.c:45] (0x000000000041dea7 <Memory_Monitoring.exe+0x1dea7>) modid:1
# 9 KERNELBASE.dll!CreateSemaphoreExW (0x00007ffb7b34a8d7 <KERNELBASE.dll+0x5a8d7>) modid:11
#10 pthread_spin_init.part.0 [C:/crossdev/src/mingw-w64-v4-git/mingw-w64-crt/misc/output_format.c:45] (0x000000000041be41 <Memory_Monitoring.exe+0x1be41>) modid:1
#11 std::locale::_S_initialize [C:/crossdev/src/mingw-w64-v4-git/mingw-w64-crt/misc/mingw_getsp.S:46] (0x000000000048eba8 <Memory_Monitoring.exe+0x8eba8>) modid:1
#12 std::locale::locale   [C:/crossdev/src/mingw-w64-v4-git/mingw-w64-crt/misc/mingw_getsp.S:46] (0x00000000004914d6 <Memory_Monitoring.exe+0x914d6>) modid:1
#13 std::ios_base::Init::Init [C:/crossdev/src/mingw-w64-v4-git/mingw-w64-crt/misc/mingw_getsp.S:46] (0x000000000049b5bb <Memory_Monitoring.exe+0x9b5bb>) modid:1
#14 __static_initialization_and_destruction_0 [C:/TDM-GCC-64/lib/gcc/x86_64-w64-mingw32/5.1.0/include/c++/iostream:74] (0x000000000040181b <Memory_Monitoring.exe+0x181b>) modid:1
#15 _GLOBAL__sub_I__Z2fvv [C:/C++Workspace/Lab/Memory_Monitoring/main.cpp:53] (0x0000000000401845 <Memory_Monitoring.exe+0x1845>) modid:1
#16 __do_global_ctors     [C:/crossdev/src/mingw-w64-v4-git/mingw-w64-crt/crt/gccmain.c:44] (0x000000000040d995 <Memory_Monitoring.exe+0xd995>) modid:1
#17 __tmainCRTStartup     [C:/crossdev/src/mingw-w64-v4-git/mingw-w64-crt/crt/crtexe.c:324] (0x00000000004013bb <Memory_Monitoring.exe+0x13bb>) modid:1
#18 .l_start              [C:/crossdev/src/mingw-w64-v4-git/mingw-w64-crt/crt/crtexe.c:212] (0x000000000040151b <Memory_Monitoring.exe+0x151b>) modid:1
#19 KERNEL32.dll!BaseThreadInitThunk (0x00007ffb7e378102 <KERNEL32.dll+0x18102>) modid:17
Note: @0:00:00.662 in thread 2548
	error end

Potential Error #3: HANDLE LEAK: KERNEL handle 0x0000000000000184 and 0 similar handle(s) were opened but not closed:
# 0 system call NtDuplicateObject
# 1 KERNELBASE.dll!DuplicateHandle (0x00007ffb7b31d5eb <KERNELBASE.dll+0x2d5eb>) modid:11
# 2 __pthread_self_lite   [C:/crossdev/src/mingw-w64-v4-git/mingw-w64-crt/misc/output_format.c:45] (0x000000000041d1dd <Memory_Monitoring.exe+0x1d1dd>) modid:1
# 3 mutex_unref.isra.1    [C:/crossdev/src/mingw-w64-v4-git/mingw-w64-crt/misc/output_format.c:45] (0x000000000041b0f4 <Memory_Monitoring.exe+0x1b0f4>) modid:1
# 4 pthread_once          [C:/crossdev/src/mingw-w64-v4-git/mingw-w64-crt/misc/output_format.c:45] (0x000000000041dea7 <Memory_Monitoring.exe+0x1dea7>) modid:1
# 5 KERNELBASE.dll!CreateSemaphoreExW (0x00007ffb7b34a8d7 <KERNELBASE.dll+0x5a8d7>) modid:11
# 6 pthread_spin_init.part.0 [C:/crossdev/src/mingw-w64-v4-git/mingw-w64-crt/misc/output_format.c:45] (0x000000000041be41 <Memory_Monitoring.exe+0x1be41>) modid:1
# 7 std::locale::_S_initialize [C:/crossdev/src/mingw-w64-v4-git/mingw-w64-crt/misc/mingw_getsp.S:46] (0x000000000048eba8 <Memory_Monitoring.exe+0x8eba8>) modid:1
# 8 std::locale::locale   [C:/crossdev/src/mingw-w64-v4-git/mingw-w64-crt/misc/mingw_getsp.S:46] (0x00000000004914d6 <Memory_Monitoring.exe+0x914d6>) modid:1
# 9 std::ios_base::Init::Init [C:/crossdev/src/mingw-w64-v4-git/mingw-w64-crt/misc/mingw_getsp.S:46] (0x000000000049b5bb <Memory_Monitoring.exe+0x9b5bb>) modid:1
#10 __static_initialization_and_destruction_0 [C:/TDM-GCC-64/lib/gcc/x86_64-w64-mingw32/5.1.0/include/c++/iostream:74] (0x000000000040181b <Memory_Monitoring.exe+0x181b>) modid:1
#11 _GLOBAL__sub_I__Z2fvv [C:/C++Workspace/Lab/Memory_Monitoring/main.cpp:53] (0x0000000000401845 <Memory_Monitoring.exe+0x1845>) modid:1
#12 __do_global_ctors     [C:/crossdev/src/mingw-w64-v4-git/mingw-w64-crt/crt/gccmain.c:44] (0x000000000040d995 <Memory_Monitoring.exe+0xd995>) modid:1
#13 __tmainCRTStartup     [C:/crossdev/src/mingw-w64-v4-git/mingw-w64-crt/crt/crtexe.c:324] (0x00000000004013bb <Memory_Monitoring.exe+0x13bb>) modid:1
#14 .l_start              [C:/crossdev/src/mingw-w64-v4-git/mingw-w64-crt/crt/crtexe.c:212] (0x000000000040151b <Memory_Monitoring.exe+0x151b>) modid:1
#15 KERNEL32.dll!BaseThreadInitThunk (0x00007ffb7e378102 <KERNEL32.dll+0x18102>) modid:17
Note: @0:00:00.665 in thread 2548
	error end

DUPLICATE ERROR COUNTS:

SUPPRESSIONS USED:

NO ERRORS FOUND:
      0 unique,     0 total unaddressable access(es)
      0 unique,     0 total invalid heap argument(s)
      0 unique,     0 total GDI usage error(s)
      0 unique,     0 total handle leak(s)
      0 unique,     0 total warning(s)
      0 unique,     0 total,      0 byte(s) of leak(s)
      0 unique,     0 total,      0 byte(s) of possible leak(s)
ERRORS IGNORED:
      3 potential error(s) (suspected false positives)
         (details: C:\Users\osgil\AppData\Roaming\Dr. Memory\DrMemory-Memory_Monitoring.exe.2516.000\potential_errors.txt)
    232 ignored assumed-innocuous system leak(s)
     56 unique,    56 total,  85414 byte(s) of still-reachable allocation(s)
         (re-run with "-show_reachable" for details)
Details: C:\Users\osgil\AppData\Roaming\Dr. Memory\DrMemory-Memory_Monitoring.exe.2516.000\results.txt

DUPLICATE POTENTIAL ERROR COUNTS:

NO POTENTIAL ERRORS FOUND:
      0 unique,     0 total potential unaddressable access(es)
      0 unique,     0 total potential invalid heap argument(s)
      0 unique,     0 total potential GDI usage error(s)
      3 unique,     3 total potential handle leak(s)
      0 unique,     0 total potential warning(s)
      0 unique,     0 total,      0 byte(s) of potential leak(s)
      0 unique,     0 total,      0 byte(s) of potential possible leak(s)
Details: C:\Users\osgil\AppData\Roaming\Dr. Memory\DrMemory-Memory_Monitoring.exe.2516.000\potential_errors.txt
Exiting @0:00:00.667 in thread 2548
LOG END
